<?xml version="1.0" encoding="UTF-8"?>
<testng-results total="1" passed="1" failed="0" skipped="0">
  <reporter-output>
  </reporter-output>
  <suite started-at="2020-05-28T07:41:10Z" name="Default suite" finished-at="2020-05-28T07:41:10Z" duration-ms="39">
    <groups>
    </groups>
    <test started-at="2020-05-28T07:41:10Z" name="Default test" finished-at="2020-05-28T07:41:10Z" duration-ms="39">
      <class name="akshay.buddy.firstbuddy.testcase1">
        <test-method is-config="true" signature="beforeClass()[pri:0, instance:akshay.buddy.firstbuddy.testcase1@4c60d6e9]" started-at="2020-05-28T13:11:10Z" name="beforeClass" finished-at="2020-05-28T13:11:10Z" duration-ms="11" status="PASS">
          <reporter-output>
          </reporter-output>
        </test-method> <!-- beforeClass -->
        <test-method signature="f()[pri:0, instance:akshay.buddy.firstbuddy.testcase1@4c60d6e9]" started-at="2020-05-28T13:11:10Z" name="f" finished-at="2020-05-28T13:11:10Z" duration-ms="5" status="PASS">
          <reporter-output>
          </reporter-output>
        </test-method> <!-- f -->
        <test-method is-config="true" signature="afterClass()[pri:0, instance:akshay.buddy.firstbuddy.testcase1@4c60d6e9]" started-at="2020-05-28T13:11:10Z" name="afterClass" finished-at="2020-05-28T13:11:10Z" duration-ms="1" status="PASS">
          <reporter-output>
          </reporter-output>
        </test-method> <!-- afterClass -->
      </class> <!-- akshay.buddy.firstbuddy.testcase1 -->
    </test> <!-- Default test -->
  </suite> <!-- Default suite -->
</testng-results>
